  main.cpp
C:\Users\Saeed\source\repos\Project3\Project3\main.cpp(55,83): warning C4244: 'argument': conversion from 'double' to 'T', possible loss of data
          with
          [
              T=int
          ]
C:\Users\Saeed\source\repos\Project3\Project3\main.cpp(54,81): warning C4244: 'argument': conversion from 'double' to 'T', possible loss of data
          with
          [
              T=int
          ]
C:\Users\Saeed\source\repos\Project3\Project3\main.cpp(122,58): warning C4244: 'argument': conversion from 'int' to 'T', possible loss of data
          with
          [
              T=float
          ]
C:\Users\Saeed\source\repos\Project3\Project3\main.cpp(122,54): warning C4244: 'argument': conversion from 'int' to 'T', possible loss of data
          with
          [
              T=float
          ]
C:\Users\Saeed\source\repos\Project3\Project3\main.cpp(137,16): warning C4244: 'initializing': conversion from 'T' to 'int', possible loss of data
          with
          [
              T=float
          ]
C:\Users\Saeed\source\repos\Project3\Project3\main.cpp(138,16): warning C4244: 'initializing': conversion from 'T' to 'int', possible loss of data
          with
          [
              T=float
          ]
C:\Users\Saeed\source\repos\Project3\Project3\main.cpp(144,52): warning C4244: 'argument': conversion from 'int' to 'float', possible loss of data
C:\Users\Saeed\source\repos\Project3\Project3\main.cpp(144,48): warning C4244: 'argument': conversion from 'int' to 'float', possible loss of data
C:\Users\Saeed\source\repos\Project3\Project3\main.cpp(153,16): warning C4244: 'initializing': conversion from 'const T' to 'int', possible loss of data
          with
          [
              T=float
          ]
C:\Users\Saeed\source\repos\Project3\Project3\main.cpp(154,16): warning C4244: 'initializing': conversion from 'T' to 'int', possible loss of data
          with
          [
              T=float
          ]
C:\Users\Saeed\source\repos\Project3\Project3\main.cpp(162,58): warning C4244: 'argument': conversion from 'int' to 'float', possible loss of data
C:\Users\Saeed\source\repos\Project3\Project3\main.cpp(162,54): warning C4244: 'argument': conversion from 'int' to 'float', possible loss of data
C:\Users\Saeed\source\repos\Project3\Project3\main.cpp(170,54): warning C4244: '=': conversion from 'const T' to 'int', possible loss of data
          with
          [
              T=float
          ]
C:\Users\Saeed\source\repos\Project3\Project3\main.cpp(196,83): warning C4244: 'argument': conversion from 'double' to 'float', possible loss of data
sfml-window-s.lib(VideoModeImpl.cpp.obj) : error LNK2001: unresolved external symbol __imp_EnumDisplaySettingsW
sfml-window-s.lib(CursorImpl.cpp.obj) : error LNK2001: unresolved external symbol __imp_CreateBitmap
sfml-window-s.lib(CursorImpl.cpp.obj) : error LNK2001: unresolved external symbol __imp_DeleteObject
sfml-window-s.lib(CursorImpl.cpp.obj) : error LNK2001: unresolved external symbol __imp_CreateDIBSection
sfml-window-s.lib(CursorImpl.cpp.obj) : error LNK2001: unresolved external symbol __imp_GetDC
sfml-window-s.lib(WglContext.cpp.obj) : error LNK2001: unresolved external symbol __imp_GetDC
sfml-window-s.lib(WindowImplWin32.cpp.obj) : error LNK2001: unresolved external symbol __imp_GetDC
sfml-window-s.lib(CursorImpl.cpp.obj) : error LNK2001: unresolved external symbol __imp_ReleaseDC
sfml-window-s.lib(WglContext.cpp.obj) : error LNK2001: unresolved external symbol __imp_ReleaseDC
sfml-window-s.lib(WindowImplWin32.cpp.obj) : error LNK2001: unresolved external symbol __imp_ReleaseDC
sfml-window-s.lib(CursorImpl.cpp.obj) : error LNK2001: unresolved external symbol __imp_LoadCursorW
sfml-window-s.lib(WindowImplWin32.cpp.obj) : error LNK2001: unresolved external symbol __imp_LoadCursorW
sfml-window-s.lib(CursorImpl.cpp.obj) : error LNK2001: unresolved external symbol __imp_DestroyCursor
sfml-window-s.lib(CursorImpl.cpp.obj) : error LNK2001: unresolved external symbol __imp_CreateIconIndirect
sfml-window-s.lib(CursorImpl.cpp.obj) : error LNK2001: unresolved external symbol __imp_CopyIcon
sfml-window-s.lib(WglContext.cpp.obj) : error LNK2001: unresolved external symbol __imp_ChoosePixelFormat
sfml-window-s.lib(WglContext.cpp.obj) : error LNK2001: unresolved external symbol __imp_DescribePixelFormat
sfml-window-s.lib(WglContext.cpp.obj) : error LNK2001: unresolved external symbol __imp_GetPixelFormat
sfml-window-s.lib(WglContext.cpp.obj) : error LNK2001: unresolved external symbol __imp_SetPixelFormat
sfml-window-s.lib(WglContext.cpp.obj) : error LNK2001: unresolved external symbol __imp_SwapBuffers
sfml-window-s.lib(WglContext.cpp.obj) : error LNK2001: unresolved external symbol __imp_CreateWindowExA
sfml-window-s.lib(WglContext.cpp.obj) : error LNK2001: unresolved external symbol __imp_DestroyWindow
sfml-window-s.lib(WindowImplWin32.cpp.obj) : error LNK2001: unresolved external symbol __imp_DestroyWindow
sfml-window-s.lib(WglContext.cpp.obj) : error LNK2001: unresolved external symbol __imp_ShowWindow
sfml-window-s.lib(WindowImplWin32.cpp.obj) : error LNK2001: unresolved external symbol __imp_ShowWindow
sfml-window-s.lib(WindowImplWin32.cpp.obj) : error LNK2001: unresolved external symbol __imp_GetDeviceCaps
sfml-window-s.lib(WindowImplWin32.cpp.obj) : error LNK2001: unresolved external symbol __imp_TrackMouseEvent
sfml-window-s.lib(WindowImplWin32.cpp.obj) : error LNK2001: unresolved external symbol __imp_TranslateMessage
sfml-window-s.lib(WindowImplWin32.cpp.obj) : error LNK2001: unresolved external symbol __imp_DispatchMessageW
sfml-window-s.lib(WindowImplWin32.cpp.obj) : error LNK2001: unresolved external symbol __imp_PeekMessageW
sfml-window-s.lib(WindowImplWin32.cpp.obj) : error LNK2001: unresolved external symbol __imp_SendMessageW
sfml-window-s.lib(WindowImplWin32.cpp.obj) : error LNK2001: unresolved external symbol __imp_RegisterDeviceNotificationW
sfml-window-s.lib(WindowImplWin32.cpp.obj) : error LNK2001: unresolved external symbol __imp_DefWindowProcW
sfml-window-s.lib(WindowImplWin32.cpp.obj) : error LNK2001: unresolved external symbol __imp_CallWindowProcW
sfml-window-s.lib(WindowImplWin32.cpp.obj) : error LNK2001: unresolved external symbol __imp_RegisterClassW
sfml-window-s.lib(WindowImplWin32.cpp.obj) : error LNK2001: unresolved external symbol __imp_UnregisterClassW
sfml-window-s.lib(WindowImplWin32.cpp.obj) : error LNK2001: unresolved external symbol __imp_CreateWindowExW
sfml-window-s.lib(WindowImplWin32.cpp.obj) : error LNK2001: unresolved external symbol __imp_FlashWindowEx
sfml-window-s.lib(WindowImplWin32.cpp.obj) : error LNK2001: unresolved external symbol __imp_SetWindowPos
sfml-window-s.lib(WindowImplWin32.cpp.obj) : error LNK2001: unresolved external symbol __imp_GetKeyState
sfml-window-s.lib(WindowImplWin32.cpp.obj) : error LNK2001: unresolved external symbol __imp_MapVirtualKeyW
sfml-window-s.lib(WindowImplWin32.cpp.obj) : error LNK2001: unresolved external symbol __imp_GetCapture
sfml-window-s.lib(WindowImplWin32.cpp.obj) : error LNK2001: unresolved external symbol __imp_SetCapture
sfml-window-s.lib(WindowImplWin32.cpp.obj) : error LNK2001: unresolved external symbol __imp_ReleaseCapture
sfml-window-s.lib(WindowImplWin32.cpp.obj) : error LNK2001: unresolved external symbol __imp_GetForegroundWindow
sfml-window-s.lib(WindowImplWin32.cpp.obj) : error LNK2001: unresolved external symbol __imp_SetForegroundWindow
sfml-window-s.lib(WindowImplWin32.cpp.obj) : error LNK2001: unresolved external symbol __imp_SetWindowTextW
sfml-window-s.lib(WindowImplWin32.cpp.obj) : error LNK2001: unresolved external symbol __imp_GetClientRect
sfml-window-s.lib(WindowImplWin32.cpp.obj) : error LNK2001: unresolved external symbol __imp_GetWindowRect
sfml-window-s.lib(WindowImplWin32.cpp.obj) : error LNK2001: unresolved external symbol __imp_AdjustWindowRect
sfml-window-s.lib(WindowImplWin32.cpp.obj) : error LNK2001: unresolved external symbol __imp_ShowCursor
sfml-window-s.lib(WindowImplWin32.cpp.obj) : error LNK2001: unresolved external symbol __imp_SetCursor
sfml-window-s.lib(WindowImplWin32.cpp.obj) : error LNK2001: unresolved external symbol __imp_ScreenToClient
sfml-window-s.lib(WindowImplWin32.cpp.obj) : error LNK2001: unresolved external symbol __imp_MapWindowPoints
sfml-window-s.lib(WindowImplWin32.cpp.obj) : error LNK2001: unresolved external symbol __imp_ClipCursor
sfml-window-s.lib(WindowImplWin32.cpp.obj) : error LNK2001: unresolved external symbol __imp_GetWindowLongW
sfml-window-s.lib(WindowImplWin32.cpp.obj) : error LNK2001: unresolved external symbol __imp_SetWindowLongW
sfml-window-s.lib(WindowImplWin32.cpp.obj) : error LNK2001: unresolved external symbol __imp_GetWindowLongPtrW
sfml-window-s.lib(WindowImplWin32.cpp.obj) : error LNK2001: unresolved external symbol __imp_SetWindowLongPtrW
sfml-window-s.lib(WindowImplWin32.cpp.obj) : error LNK2001: unresolved external symbol __imp_GetWindowThreadProcessId
sfml-window-s.lib(WindowImplWin32.cpp.obj) : error LNK2001: unresolved external symbol __imp_CreateIcon
sfml-window-s.lib(WindowImplWin32.cpp.obj) : error LNK2001: unresolved external symbol __imp_DestroyIcon
sfml-window-s.lib(WindowImplWin32.cpp.obj) : error LNK2001: unresolved external symbol __imp_ChangeDisplaySettingsW
sfml-window-s.lib(JoystickImpl.cpp.obj) : error LNK2001: unresolved external symbol __imp_RegCloseKey
sfml-window-s.lib(JoystickImpl.cpp.obj) : error LNK2001: unresolved external symbol __imp_RegOpenKeyExW
sfml-window-s.lib(JoystickImpl.cpp.obj) : error LNK2001: unresolved external symbol __imp_RegQueryValueExW
C:\Users\Saeed\source\repos\Project3\x64\Release\Project3.exe : fatal error LNK1120: 59 unresolved externals
